# JRE version: OpenJDK Runtime Environment Temurin-21.0.6+7 (21.0.6+7) (build 21.0.6+7-LTS)
# Java VM: OpenJDK 64-Bit Server VM Temurin-21.0.6+7 (21.0.6+7-LTS, mixed mode, sharing, tiered, compressed oops, compressed class ptrs, parallel gc, windows-amd64)
GC Precious Log:
 CardTable entry size: 512
 CPUs: 4 total, 4 available
 Memory: 7932M
 Large Page Support: Disabled
 NUMA Support: Disabled
 Compressed Oops: Enabled (32-bit)
 Alignments: Space 512K, Generation 512K, Heap 2M
 Heap Min Capacity: 100M
 Heap Initial Capacity: 100M
 Heap Max Capacity: 1G
 Pre-touch: Disabled
 Parallel Workers: 4
Heap:
 PSYoungGen      total 24576K, used 9957K [0x00000000eab00000, 0x00000000ec600000, 0x0000000100000000)
  eden space 22016K, 39% used [0x00000000eab00000,0x00000000eb384360,0x00000000ec080000)
  from space 2560K, 48% used [0x00000000ec200000,0x00000000ec3350b8,0x00000000ec480000)
  to   space 1536K, 0% used [0x00000000ec480000,0x00000000ec480000,0x00000000ec600000)
 ParOldGen       total 68608K, used 22937K [0x00000000c0000000, 0x00000000c4300000, 0x00000000eab00000)
  object space 68608K, 33% used [0x00000000c0000000,0x00000000c1666498,0x00000000c4300000)
 Metaspace       used 47838K, committed 48896K, reserved 1114112K
  class space    used 5098K, committed 5568K, reserved 1048576K
GC Heap History (20 events):
Event: 24.515 GC heap before
{Heap before GC invocations=10 (full 1):
 PSYoungGen      total 24576K, used 24125K [0x00000000eab00000, 0x00000000ec900000, 0x0000000100000000)
  eden space 24064K, 98% used [0x00000000eab00000,0x00000000ec2421c8,0x00000000ec280000)
  from space 512K, 60% used [0x00000000ec880000,0x00000000ec8cd440,0x00000000ec900000)
  to   space 2048K, 0% used [0x00000000ec500000,0x00000000ec500000,0x00000000ec700000)
 ParOldGen       total 68608K, used 12582K [0x00000000c0000000, 0x00000000c4300000, 0x00000000eab00000)
  object space 68608K, 18% used [0x00000000c0000000,0x00000000c0c49aa0,0x00000000c4300000)
 Metaspace       used 26493K, committed 27328K, reserved 1114112K
  class space    used 2641K, committed 3008K, reserved 1048576K
}
Event: 24.516 GC heap after
{Heap after GC invocations=10 (full 1):
 PSYoungGen      total 25600K, used 1166K [0x00000000eab00000, 0x00000000ec900000, 0x0000000100000000)
  eden space 23552K, 0% used [0x00000000eab00000,0x00000000eab00000,0x00000000ec200000)
  from space 2048K, 56% used [0x00000000ec500000,0x00000000ec6239b0,0x00000000ec700000)
  to   space 1536K, 0% used [0x00000000ec780000,0x00000000ec780000,0x00000000ec900000)
 ParOldGen       total 68608K, used 12590K [0x00000000c0000000, 0x00000000c4300000, 0x00000000eab00000)
  object space 68608K, 18% used [0x00000000c0000000,0x00000000c0c4baa0,0x00000000c4300000)
 Metaspace       used 26493K, committed 27328K, reserved 1114112K
  class space    used 2641K, committed 3008K, reserved 1048576K
}
Event: 25.191 GC heap before
{Heap before GC invocations=11 (full 1):
 PSYoungGen      total 25600K, used 24718K [0x00000000eab00000, 0x00000000ec900000, 0x0000000100000000)
  eden space 23552K, 100% used [0x00000000eab00000,0x00000000ec200000,0x00000000ec200000)
  from space 2048K, 56% used [0x00000000ec500000,0x00000000ec6239b0,0x00000000ec700000)
  to   space 1536K, 0% used [0x00000000ec780000,0x00000000ec780000,0x00000000ec900000)
 ParOldGen       total 68608K, used 12590K [0x00000000c0000000, 0x00000000c4300000, 0x00000000eab00000)
  object space 68608K, 18% used [0x00000000c0000000,0x00000000c0c4baa0,0x00000000c4300000)
 Metaspace       used 28261K, committed 29120K, reserved 1114112K
  class space    used 2783K, committed 3136K, reserved 1048576K
}
Event: 25.195 GC heap after
{Heap after GC invocations=11 (full 1):
 PSYoungGen      total 24064K, used 964K [0x00000000eab00000, 0x00000000ec880000, 0x0000000100000000)
  eden space 23040K, 0% used [0x00000000eab00000,0x00000000eab00000,0x00000000ec180000)
  from space 1024K, 94% used [0x00000000ec780000,0x00000000ec871148,0x00000000ec880000)
  to   space 1536K, 0% used [0x00000000ec580000,0x00000000ec580000,0x00000000ec700000)
 ParOldGen       total 68608K, used 14297K [0x00000000c0000000, 0x00000000c4300000, 0x00000000eab00000)
  object space 68608K, 20% used [0x00000000c0000000,0x00000000c0df64c0,0x00000000c4300000)
 Metaspace       used 28261K, committed 29120K, reserved 1114112K
  class space    used 2783K, committed 3136K, reserved 1048576K
}
Event: 25.889 GC heap before
{Heap before GC invocations=12 (full 1):
 PSYoungGen      total 24064K, used 23998K [0x00000000eab00000, 0x00000000ec880000, 0x0000000100000000)
  eden space 23040K, 99% used [0x00000000eab00000,0x00000000ec17e810,0x00000000ec180000)
  from space 1024K, 94% used [0x00000000ec780000,0x00000000ec871148,0x00000000ec880000)
  to   space 1536K, 0% used [0x00000000ec580000,0x00000000ec580000,0x00000000ec700000)
 ParOldGen       total 68608K, used 14297K [0x00000000c0000000, 0x00000000c4300000, 0x00000000eab00000)
  object space 68608K, 20% used [0x00000000c0000000,0x00000000c0df64c0,0x00000000c4300000)
 Metaspace       used 29361K, committed 30272K, reserved 1114112K
  class space    used 2894K, committed 3328K, reserved 1048576K
}
Event: 25.892 GC heap after
{Heap after GC invocations=12 (full 1):
 PSYoungGen      total 24064K, used 814K [0x00000000eab00000, 0x00000000ec800000, 0x0000000100000000)
  eden space 22528K, 0% used [0x00000000eab00000,0x00000000eab00000,0x00000000ec100000)
  from space 1536K, 53% used [0x00000000ec580000,0x00000000ec64bba0,0x00000000ec700000)
  to   space 1024K, 0% used [0x00000000ec700000,0x00000000ec700000,0x00000000ec800000)
 ParOldGen       total 68608K, used 15069K [0x00000000c0000000, 0x00000000c4300000, 0x00000000eab00000)
  object space 68608K, 21% used [0x00000000c0000000,0x00000000c0eb7558,0x00000000c4300000)
 Metaspace       used 29361K, committed 30272K, reserved 1114112K
  class space    used 2894K, committed 3328K, reserved 1048576K
}
Event: 26.534 GC heap before
{Heap before GC invocations=13 (full 1):
 PSYoungGen      total 24064K, used 23342K [0x00000000eab00000, 0x00000000ec800000, 0x0000000100000000)
  eden space 22528K, 100% used [0x00000000eab00000,0x00000000ec100000,0x00000000ec100000)
  from space 1536K, 53% used [0x00000000ec580000,0x00000000ec64bba0,0x00000000ec700000)
  to   space 1024K, 0% used [0x00000000ec700000,0x00000000ec700000,0x00000000ec800000)
 ParOldGen       total 68608K, used 15069K [0x00000000c0000000, 0x00000000c4300000, 0x00000000eab00000)
  object space 68608K, 21% used [0x00000000c0000000,0x00000000c0eb7558,0x00000000c4300000)
 Metaspace       used 31703K, committed 32576K, reserved 1114112K
  class space    used 3186K, committed 3584K, reserved 1048576K
}
Event: 26.536 GC heap after
{Heap after GC invocations=13 (full 1):
 PSYoungGen      total 23040K, used 778K [0x00000000eab00000, 0x00000000ec800000, 0x0000000100000000)
  eden space 22016K, 0% used [0x00000000eab00000,0x00000000eab00000,0x00000000ec080000)
  from space 1024K, 75% used [0x00000000ec700000,0x00000000ec7c28e0,0x00000000ec800000)
  to   space 1024K, 0% used [0x00000000ec600000,0x00000000ec600000,0x00000000ec700000)
 ParOldGen       total 68608K, used 15801K [0x00000000c0000000, 0x00000000c4300000, 0x00000000eab00000)
  object space 68608K, 23% used [0x00000000c0000000,0x00000000c0f6e6f0,0x00000000c4300000)
 Metaspace       used 31703K, committed 32576K, reserved 1114112K
  class space    used 3186K, committed 3584K, reserved 1048576K
}
Event: 27.138 GC heap before
{Heap before GC invocations=14 (full 1):
 PSYoungGen      total 23040K, used 20910K [0x00000000eab00000, 0x00000000ec800000, 0x0000000100000000)
  eden space 22016K, 91% used [0x00000000eab00000,0x00000000ebea9100,0x00000000ec080000)
  from space 1024K, 75% used [0x00000000ec700000,0x00000000ec7c28e0,0x00000000ec800000)
  to   space 1024K, 0% used [0x00000000ec600000,0x00000000ec600000,0x00000000ec700000)
 ParOldGen       total 68608K, used 15801K [0x00000000c0000000, 0x00000000c4300000, 0x00000000eab00000)
  object space 68608K, 23% used [0x00000000c0000000,0x00000000c0f6e6f0,0x00000000c4300000)
 Metaspace       used 34953K, committed 35840K, reserved 1114112K
  class space    used 3538K, committed 3904K, reserved 1048576K
}
Event: 27.141 GC heap after
{Heap after GC invocations=14 (full 1):
 PSYoungGen      total 23040K, used 1024K [0x00000000eab00000, 0x00000000ec780000, 0x0000000100000000)
  eden space 22016K, 0% used [0x00000000eab00000,0x00000000eab00000,0x00000000ec080000)
  from space 1024K, 100% used [0x00000000ec600000,0x00000000ec700000,0x00000000ec700000)
  to   space 512K, 0% used [0x00000000ec700000,0x00000000ec700000,0x00000000ec780000)
 ParOldGen       total 68608K, used 16767K [0x00000000c0000000, 0x00000000c4300000, 0x00000000eab00000)
  object space 68608K, 24% used [0x00000000c0000000,0x00000000c105fe28,0x00000000c4300000)
 Metaspace       used 34953K, committed 35840K, reserved 1114112K
  class space    used 3538K, committed 3904K, reserved 1048576K
}
Event: 27.141 GC heap before
{Heap before GC invocations=15 (full 2):
 PSYoungGen      total 23040K, used 1024K [0x00000000eab00000, 0x00000000ec780000, 0x0000000100000000)
  eden space 22016K, 0% used [0x00000000eab00000,0x00000000eab00000,0x00000000ec080000)
  from space 1024K, 100% used [0x00000000ec600000,0x00000000ec700000,0x00000000ec700000)
  to   space 512K, 0% used [0x00000000ec700000,0x00000000ec700000,0x00000000ec780000)
 ParOldGen       total 68608K, used 16767K [0x00000000c0000000, 0x00000000c4300000, 0x00000000eab00000)
  object space 68608K, 24% used [0x00000000c0000000,0x00000000c105fe28,0x00000000c4300000)
 Metaspace       used 34953K, committed 35840K, reserved 1114112K
  class space    used 3538K, committed 3904K, reserved 1048576K
}
Event: 27.188 GC heap after
{Heap after GC invocations=15 (full 2):
 PSYoungGen      total 23040K, used 0K [0x00000000eab00000, 0x00000000ec780000, 0x0000000100000000)
  eden space 22016K, 0% used [0x00000000eab00000,0x00000000eab00000,0x00000000ec080000)
  from space 1024K, 0% used [0x00000000ec600000,0x00000000ec600000,0x00000000ec700000)
  to   space 512K, 0% used [0x00000000ec700000,0x00000000ec700000,0x00000000ec780000)
 ParOldGen       total 68608K, used 17351K [0x00000000c0000000, 0x00000000c4300000, 0x00000000eab00000)
  object space 68608K, 25% used [0x00000000c0000000,0x00000000c10f1fb0,0x00000000c4300000)
 Metaspace       used 34953K, committed 35840K, reserved 1114112K
  class space    used 3538K, committed 3904K, reserved 1048576K
}
Event: 28.017 GC heap before
{Heap before GC invocations=16 (full 2):
 PSYoungGen      total 23040K, used 22016K [0x00000000eab00000, 0x00000000ec780000, 0x0000000100000000)
  eden space 22016K, 100% used [0x00000000eab00000,0x00000000ec080000,0x00000000ec080000)
  from space 1024K, 0% used [0x00000000ec600000,0x00000000ec600000,0x00000000ec700000)
  to   space 512K, 0% used [0x00000000ec700000,0x00000000ec700000,0x00000000ec780000)
 ParOldGen       total 68608K, used 17351K [0x00000000c0000000, 0x00000000c4300000, 0x00000000eab00000)
  object space 68608K, 25% used [0x00000000c0000000,0x00000000c10f1fb0,0x00000000c4300000)
 Metaspace       used 37757K, committed 38720K, reserved 1114112K
  class space    used 3875K, committed 4288K, reserved 1048576K
}
Event: 28.020 GC heap after
{Heap after GC invocations=16 (full 2):
 PSYoungGen      total 22528K, used 510K [0x00000000eab00000, 0x00000000ec780000, 0x0000000100000000)
  eden space 22016K, 0% used [0x00000000eab00000,0x00000000eab00000,0x00000000ec080000)
  from space 512K, 99% used [0x00000000ec700000,0x00000000ec77f9a0,0x00000000ec780000)
  to   space 2048K, 0% used [0x00000000ec380000,0x00000000ec380000,0x00000000ec580000)
 ParOldGen       total 68608K, used 18458K [0x00000000c0000000, 0x00000000c4300000, 0x00000000eab00000)
  object space 68608K, 26% used [0x00000000c0000000,0x00000000c1206a20,0x00000000c4300000)
 Metaspace       used 37757K, committed 38720K, reserved 1114112K
  class space    used 3875K, committed 4288K, reserved 1048576K
}
Event: 28.643 GC heap before
{Heap before GC invocations=17 (full 2):
 PSYoungGen      total 22528K, used 22526K [0x00000000eab00000, 0x00000000ec780000, 0x0000000100000000)
  eden space 22016K, 100% used [0x00000000eab00000,0x00000000ec080000,0x00000000ec080000)
  from space 512K, 99% used [0x00000000ec700000,0x00000000ec77f9a0,0x00000000ec780000)
  to   space 2048K, 0% used [0x00000000ec380000,0x00000000ec380000,0x00000000ec580000)
 ParOldGen       total 68608K, used 18458K [0x00000000c0000000, 0x00000000c4300000, 0x00000000eab00000)
  object space 68608K, 26% used [0x00000000c0000000,0x00000000c1206a20,0x00000000c4300000)
 Metaspace       used 40417K, committed 41536K, reserved 1114112K
  class space    used 4198K, committed 4672K, reserved 1048576K
}
Event: 28.647 GC heap after
{Heap after GC invocations=17 (full 2):
 PSYoungGen      total 24064K, used 2018K [0x00000000eab00000, 0x00000000ec880000, 0x0000000100000000)
  eden space 22016K, 0% used [0x00000000eab00000,0x00000000eab00000,0x00000000ec080000)
  from space 2048K, 98% used [0x00000000ec380000,0x00000000ec578a78,0x00000000ec580000)
  to   space 3072K, 0% used [0x00000000ec580000,0x00000000ec580000,0x00000000ec880000)
 ParOldGen       total 68608K, used 20059K [0x00000000c0000000, 0x00000000c4300000, 0x00000000eab00000)
  object space 68608K, 29% used [0x00000000c0000000,0x00000000c1396f18,0x00000000c4300000)
 Metaspace       used 40417K, committed 41536K, reserved 1114112K
  class space    used 4198K, committed 4672K, reserved 1048576K
}
Event: 29.107 GC heap before
{Heap before GC invocations=18 (full 2):
 PSYoungGen      total 24064K, used 24034K [0x00000000eab00000, 0x00000000ec880000, 0x0000000100000000)
  eden space 22016K, 100% used [0x00000000eab00000,0x00000000ec080000,0x00000000ec080000)
  from space 2048K, 98% used [0x00000000ec380000,0x00000000ec578a78,0x00000000ec580000)
  to   space 3072K, 0% used [0x00000000ec580000,0x00000000ec580000,0x00000000ec880000)
 ParOldGen       total 68608K, used 20059K [0x00000000c0000000, 0x00000000c4300000, 0x00000000eab00000)
  object space 68608K, 29% used [0x00000000c0000000,0x00000000c1396f18,0x00000000c4300000)
 Metaspace       used 43646K, committed 44736K, reserved 1114112K
  class space    used 4593K, committed 5056K, reserved 1048576K
}
Event: 29.111 GC heap after
{Heap after GC invocations=18 (full 2):
 PSYoungGen      total 23552K, used 1408K [0x00000000eab00000, 0x00000000ec700000, 0x0000000100000000)
  eden space 22016K, 0% used [0x00000000eab00000,0x00000000eab00000,0x00000000ec080000)
  from space 1536K, 91% used [0x00000000ec580000,0x00000000ec6e0000,0x00000000ec700000)
  to   space 2560K, 0% used [0x00000000ec200000,0x00000000ec200000,0x00000000ec480000)
 ParOldGen       total 68608K, used 21637K [0x00000000c0000000, 0x00000000c4300000, 0x00000000eab00000)
  object space 68608K, 31% used [0x00000000c0000000,0x00000000c1521488,0x00000000c4300000)
 Metaspace       used 43646K, committed 44736K, reserved 1114112K
  class space    used 4593K, committed 5056K, reserved 1048576K
}
Event: 30.591 GC heap before
{Heap before GC invocations=19 (full 2):
 PSYoungGen      total 23552K, used 23424K [0x00000000eab00000, 0x00000000ec700000, 0x0000000100000000)
  eden space 22016K, 100% used [0x00000000eab00000,0x00000000ec080000,0x00000000ec080000)
  from space 1536K, 91% used [0x00000000ec580000,0x00000000ec6e0000,0x00000000ec700000)
  to   space 2560K, 0% used [0x00000000ec200000,0x00000000ec200000,0x00000000ec480000)
 ParOldGen       total 68608K, used 21637K [0x00000000c0000000, 0x00000000c4300000, 0x00000000eab00000)
  object space 68608K, 31% used [0x00000000c0000000,0x00000000c1521488,0x00000000c4300000)
 Metaspace       used 46815K, committed 47872K, reserved 1114112K
  class space    used 4991K, committed 5504K, reserved 1048576K
}
Event: 30.595 GC heap after
{Heap after GC invocations=19 (full 2):
 PSYoungGen      total 24576K, used 1236K [0x00000000eab00000, 0x00000000ec600000, 0x0000000100000000)
  eden space 22016K, 0% used [0x00000000eab00000,0x00000000eab00000,0x00000000ec080000)
  from space 2560K, 48% used [0x00000000ec200000,0x00000000ec3350b8,0x00000000ec480000)
  to   space 1536K, 0% used [0x00000000ec480000,0x00000000ec480000,0x00000000ec600000)
 ParOldGen       total 68608K, used 22937K [0x00000000c0000000, 0x00000000c4300000, 0x00000000eab00000)
  object space 68608K, 33% used [0x00000000c0000000,0x00000000c1666498,0x00000000c4300000)
 Metaspace       used 46815K, committed 47872K, reserved 1114112K
  class space    used 4991K, committed 5504K, reserved 1048576K
}

