# JRE version: OpenJDK Runtime Environment Temurin-21.0.6+7 (21.0.6+7) (build 21.0.6+7-LTS)
# Java VM: OpenJDK 64-Bit Server VM Temurin-21.0.6+7 (21.0.6+7-LTS, mixed mode, sharing, tiered, compressed oops, compressed class ptrs, parallel gc, windows-amd64)
GC Precious Log:
 CardTable entry size: 512
 CPUs: 4 total, 4 available
 Memory: 7932M
 Large Page Support: Disabled
 NUMA Support: Disabled
 Compressed Oops: Enabled (32-bit)
 Alignments: Space 512K, Generation 512K, Heap 2M
 Heap Min Capacity: 100M
 Heap Initial Capacity: 100M
 Heap Max Capacity: 1G
 Pre-touch: Disabled
 Parallel Workers: 4
Heap:
 PSYoungGen      total 23552K, used 15706K [0x00000000eab00000, 0x00000000ec500000, 0x0000000100000000)
  eden space 22016K, 65% used [0x00000000eab00000,0x00000000eb92aeb8,0x00000000ec080000)
  from space 1536K, 78% used [0x00000000ec380000,0x00000000ec4aba40,0x00000000ec500000)
  to   space 1536K, 0% used [0x00000000ec200000,0x00000000ec200000,0x00000000ec380000)
 ParOldGen       total 68608K, used 22595K [0x00000000c0000000, 0x00000000c4300000, 0x00000000eab00000)
  object space 68608K, 32% used [0x00000000c0000000,0x00000000c1610dd8,0x00000000c4300000)
 Metaspace       used 47760K, committed 48896K, reserved 1114112K
  class space    used 5088K, committed 5568K, reserved 1048576K
GC Heap History (20 events):
Event: 11.382 GC heap before
{Heap before GC invocations=11 (full 1):
 PSYoungGen      total 24064K, used 23830K [0x00000000eab00000, 0x00000000ec900000, 0x0000000100000000)
  eden space 23552K, 100% used [0x00000000eab00000,0x00000000ec200000,0x00000000ec200000)
  from space 512K, 54% used [0x00000000ec380000,0x00000000ec3c58b8,0x00000000ec400000)
  to   space 2048K, 0% used [0x00000000ec700000,0x00000000ec700000,0x00000000ec900000)
 ParOldGen       total 68608K, used 13053K [0x00000000c0000000, 0x00000000c4300000, 0x00000000eab00000)
  object space 68608K, 19% used [0x00000000c0000000,0x00000000c0cbf630,0x00000000c4300000)
 Metaspace       used 25929K, committed 26752K, reserved 1114112K
  class space    used 2420K, committed 2752K, reserved 1048576K
}
Event: 11.384 GC heap after
{Heap after GC invocations=11 (full 1):
 PSYoungGen      total 24576K, used 1457K [0x00000000eab00000, 0x00000000ec880000, 0x0000000100000000)
  eden space 23040K, 0% used [0x00000000eab00000,0x00000000eab00000,0x00000000ec180000)
  from space 1536K, 94% used [0x00000000ec700000,0x00000000ec86c658,0x00000000ec880000)
  to   space 2048K, 0% used [0x00000000ec480000,0x00000000ec480000,0x00000000ec680000)
 ParOldGen       total 68608K, used 13842K [0x00000000c0000000, 0x00000000c4300000, 0x00000000eab00000)
  object space 68608K, 20% used [0x00000000c0000000,0x00000000c0d84b40,0x00000000c4300000)
 Metaspace       used 25929K, committed 26752K, reserved 1114112K
  class space    used 2420K, committed 2752K, reserved 1048576K
}
Event: 12.525 GC heap before
{Heap before GC invocations=12 (full 1):
 PSYoungGen      total 24576K, used 24497K [0x00000000eab00000, 0x00000000ec880000, 0x0000000100000000)
  eden space 23040K, 100% used [0x00000000eab00000,0x00000000ec180000,0x00000000ec180000)
  from space 1536K, 94% used [0x00000000ec700000,0x00000000ec86c658,0x00000000ec880000)
  to   space 2048K, 0% used [0x00000000ec480000,0x00000000ec480000,0x00000000ec680000)
 ParOldGen       total 68608K, used 13842K [0x00000000c0000000, 0x00000000c4300000, 0x00000000eab00000)
  object space 68608K, 20% used [0x00000000c0000000,0x00000000c0d84b40,0x00000000c4300000)
 Metaspace       used 28538K, committed 29440K, reserved 1114112K
  class space    used 2790K, committed 3200K, reserved 1048576K
}
Event: 12.528 GC heap after
{Heap after GC invocations=12 (full 1):
 PSYoungGen      total 24064K, used 1111K [0x00000000eab00000, 0x00000000ec780000, 0x0000000100000000)
  eden space 22528K, 0% used [0x00000000eab00000,0x00000000eab00000,0x00000000ec100000)
  from space 1536K, 72% used [0x00000000ec480000,0x00000000ec595d90,0x00000000ec600000)
  to   space 1536K, 0% used [0x00000000ec600000,0x00000000ec600000,0x00000000ec780000)
 ParOldGen       total 68608K, used 15216K [0x00000000c0000000, 0x00000000c4300000, 0x00000000eab00000)
  object space 68608K, 22% used [0x00000000c0000000,0x00000000c0edc320,0x00000000c4300000)
 Metaspace       used 28538K, committed 29440K, reserved 1114112K
  class space    used 2790K, committed 3200K, reserved 1048576K
}
Event: 12.884 GC heap before
{Heap before GC invocations=13 (full 1):
 PSYoungGen      total 24064K, used 23639K [0x00000000eab00000, 0x00000000ec780000, 0x0000000100000000)
  eden space 22528K, 100% used [0x00000000eab00000,0x00000000ec100000,0x00000000ec100000)
  from space 1536K, 72% used [0x00000000ec480000,0x00000000ec595d90,0x00000000ec600000)
  to   space 1536K, 0% used [0x00000000ec600000,0x00000000ec600000,0x00000000ec780000)
 ParOldGen       total 68608K, used 15216K [0x00000000c0000000, 0x00000000c4300000, 0x00000000eab00000)
  object space 68608K, 22% used [0x00000000c0000000,0x00000000c0edc320,0x00000000c4300000)
 Metaspace       used 30550K, committed 31424K, reserved 1114112K
  class space    used 3002K, committed 3392K, reserved 1048576K
}
Event: 12.886 GC heap after
{Heap after GC invocations=13 (full 1):
 PSYoungGen      total 23040K, used 778K [0x00000000eab00000, 0x00000000ec700000, 0x0000000100000000)
  eden space 22016K, 0% used [0x00000000eab00000,0x00000000eab00000,0x00000000ec080000)
  from space 1024K, 75% used [0x00000000ec600000,0x00000000ec6c28e0,0x00000000ec700000)
  to   space 1024K, 0% used [0x00000000ec500000,0x00000000ec500000,0x00000000ec600000)
 ParOldGen       total 68608K, used 16093K [0x00000000c0000000, 0x00000000c4300000, 0x00000000eab00000)
  object space 68608K, 23% used [0x00000000c0000000,0x00000000c0fb7480,0x00000000c4300000)
 Metaspace       used 30550K, committed 31424K, reserved 1114112K
  class space    used 3002K, committed 3392K, reserved 1048576K
}
Event: 13.303 GC heap before
{Heap before GC invocations=14 (full 1):
 PSYoungGen      total 23040K, used 22794K [0x00000000eab00000, 0x00000000ec700000, 0x0000000100000000)
  eden space 22016K, 100% used [0x00000000eab00000,0x00000000ec080000,0x00000000ec080000)
  from space 1024K, 75% used [0x00000000ec600000,0x00000000ec6c28e0,0x00000000ec700000)
  to   space 1024K, 0% used [0x00000000ec500000,0x00000000ec500000,0x00000000ec600000)
 ParOldGen       total 68608K, used 16093K [0x00000000c0000000, 0x00000000c4300000, 0x00000000eab00000)
  object space 68608K, 23% used [0x00000000c0000000,0x00000000c0fb7480,0x00000000c4300000)
 Metaspace       used 33511K, committed 34496K, reserved 1114112K
  class space    used 3360K, committed 3776K, reserved 1048576K
}
Event: 13.305 GC heap after
{Heap after GC invocations=14 (full 1):
 PSYoungGen      total 23040K, used 928K [0x00000000eab00000, 0x00000000ec680000, 0x0000000100000000)
  eden space 22016K, 0% used [0x00000000eab00000,0x00000000eab00000,0x00000000ec080000)
  from space 1024K, 90% used [0x00000000ec500000,0x00000000ec5e8000,0x00000000ec600000)
  to   space 512K, 0% used [0x00000000ec600000,0x00000000ec600000,0x00000000ec680000)
 ParOldGen       total 68608K, used 16716K [0x00000000c0000000, 0x00000000c4300000, 0x00000000eab00000)
  object space 68608K, 24% used [0x00000000c0000000,0x00000000c10533f8,0x00000000c4300000)
 Metaspace       used 33511K, committed 34496K, reserved 1114112K
  class space    used 3360K, committed 3776K, reserved 1048576K
}
Event: 13.495 GC heap before
{Heap before GC invocations=15 (full 1):
 PSYoungGen      total 23040K, used 11745K [0x00000000eab00000, 0x00000000ec680000, 0x0000000100000000)
  eden space 22016K, 49% used [0x00000000eab00000,0x00000000eb590738,0x00000000ec080000)
  from space 1024K, 90% used [0x00000000ec500000,0x00000000ec5e8000,0x00000000ec600000)
  to   space 512K, 0% used [0x00000000ec600000,0x00000000ec600000,0x00000000ec680000)
 ParOldGen       total 68608K, used 16716K [0x00000000c0000000, 0x00000000c4300000, 0x00000000eab00000)
  object space 68608K, 24% used [0x00000000c0000000,0x00000000c10533f8,0x00000000c4300000)
 Metaspace       used 34875K, committed 35840K, reserved 1114112K
  class space    used 3517K, committed 3968K, reserved 1048576K
}
Event: 13.496 GC heap after
{Heap after GC invocations=15 (full 1):
 PSYoungGen      total 22528K, used 481K [0x00000000eab00000, 0x00000000ec680000, 0x0000000100000000)
  eden space 22016K, 0% used [0x00000000eab00000,0x00000000eab00000,0x00000000ec080000)
  from space 512K, 94% used [0x00000000ec600000,0x00000000ec6787a8,0x00000000ec680000)
  to   space 2048K, 0% used [0x00000000ec280000,0x00000000ec280000,0x00000000ec480000)
 ParOldGen       total 68608K, used 17704K [0x00000000c0000000, 0x00000000c4300000, 0x00000000eab00000)
  object space 68608K, 25% used [0x00000000c0000000,0x00000000c114a018,0x00000000c4300000)
 Metaspace       used 34875K, committed 35840K, reserved 1114112K
  class space    used 3517K, committed 3968K, reserved 1048576K
}
Event: 13.496 GC heap before
{Heap before GC invocations=16 (full 2):
 PSYoungGen      total 22528K, used 481K [0x00000000eab00000, 0x00000000ec680000, 0x0000000100000000)
  eden space 22016K, 0% used [0x00000000eab00000,0x00000000eab00000,0x00000000ec080000)
  from space 512K, 94% used [0x00000000ec600000,0x00000000ec6787a8,0x00000000ec680000)
  to   space 2048K, 0% used [0x00000000ec280000,0x00000000ec280000,0x00000000ec480000)
 ParOldGen       total 68608K, used 17704K [0x00000000c0000000, 0x00000000c4300000, 0x00000000eab00000)
  object space 68608K, 25% used [0x00000000c0000000,0x00000000c114a018,0x00000000c4300000)
 Metaspace       used 34875K, committed 35840K, reserved 1114112K
  class space    used 3517K, committed 3968K, reserved 1048576K
}
Event: 13.541 GC heap after
{Heap after GC invocations=16 (full 2):
 PSYoungGen      total 22528K, used 0K [0x00000000eab00000, 0x00000000ec680000, 0x0000000100000000)
  eden space 22016K, 0% used [0x00000000eab00000,0x00000000eab00000,0x00000000ec080000)
  from space 512K, 0% used [0x00000000ec600000,0x00000000ec600000,0x00000000ec680000)
  to   space 2048K, 0% used [0x00000000ec280000,0x00000000ec280000,0x00000000ec480000)
 ParOldGen       total 68608K, used 17132K [0x00000000c0000000, 0x00000000c4300000, 0x00000000eab00000)
  object space 68608K, 24% used [0x00000000c0000000,0x00000000c10bb200,0x00000000c4300000)
 Metaspace       used 34875K, committed 35840K, reserved 1114112K
  class space    used 3517K, committed 3968K, reserved 1048576K
}
Event: 13.910 GC heap before
{Heap before GC invocations=17 (full 2):
 PSYoungGen      total 22528K, used 22016K [0x00000000eab00000, 0x00000000ec680000, 0x0000000100000000)
  eden space 22016K, 100% used [0x00000000eab00000,0x00000000ec080000,0x00000000ec080000)
  from space 512K, 0% used [0x00000000ec600000,0x00000000ec600000,0x00000000ec680000)
  to   space 2048K, 0% used [0x00000000ec280000,0x00000000ec280000,0x00000000ec480000)
 ParOldGen       total 68608K, used 17132K [0x00000000c0000000, 0x00000000c4300000, 0x00000000eab00000)
  object space 68608K, 24% used [0x00000000c0000000,0x00000000c10bb200,0x00000000c4300000)
 Metaspace       used 37944K, committed 38976K, reserved 1114112K
  class space    used 3887K, committed 4288K, reserved 1048576K
}
Event: 13.913 GC heap after
{Heap after GC invocations=17 (full 2):
 PSYoungGen      total 24064K, used 1723K [0x00000000eab00000, 0x00000000ec680000, 0x0000000100000000)
  eden space 22016K, 0% used [0x00000000eab00000,0x00000000eab00000,0x00000000ec080000)
  from space 2048K, 84% used [0x00000000ec280000,0x00000000ec42eff8,0x00000000ec480000)
  to   space 2048K, 0% used [0x00000000ec480000,0x00000000ec480000,0x00000000ec680000)
 ParOldGen       total 68608K, used 17140K [0x00000000c0000000, 0x00000000c4300000, 0x00000000eab00000)
  object space 68608K, 24% used [0x00000000c0000000,0x00000000c10bd200,0x00000000c4300000)
 Metaspace       used 37944K, committed 38976K, reserved 1114112K
  class space    used 3887K, committed 4288K, reserved 1048576K
}
Event: 14.208 GC heap before
{Heap before GC invocations=18 (full 2):
 PSYoungGen      total 24064K, used 23739K [0x00000000eab00000, 0x00000000ec680000, 0x0000000100000000)
  eden space 22016K, 100% used [0x00000000eab00000,0x00000000ec080000,0x00000000ec080000)
  from space 2048K, 84% used [0x00000000ec280000,0x00000000ec42eff8,0x00000000ec480000)
  to   space 2048K, 0% used [0x00000000ec480000,0x00000000ec480000,0x00000000ec680000)
 ParOldGen       total 68608K, used 17140K [0x00000000c0000000, 0x00000000c4300000, 0x00000000eab00000)
  object space 68608K, 24% used [0x00000000c0000000,0x00000000c10bd200,0x00000000c4300000)
 Metaspace       used 40416K, committed 41536K, reserved 1114112K
  class space    used 4195K, committed 4672K, reserved 1048576K
}
Event: 14.210 GC heap after
{Heap after GC invocations=18 (full 2):
 PSYoungGen      total 24064K, used 1990K [0x00000000eab00000, 0x00000000ec680000, 0x0000000100000000)
  eden space 22016K, 0% used [0x00000000eab00000,0x00000000eab00000,0x00000000ec080000)
  from space 2048K, 97% used [0x00000000ec480000,0x00000000ec671a00,0x00000000ec680000)
  to   space 2560K, 0% used [0x00000000ec180000,0x00000000ec180000,0x00000000ec400000)
 ParOldGen       total 68608K, used 19973K [0x00000000c0000000, 0x00000000c4300000, 0x00000000eab00000)
  object space 68608K, 29% used [0x00000000c0000000,0x00000000c1381748,0x00000000c4300000)
 Metaspace       used 40416K, committed 41536K, reserved 1114112K
  class space    used 4195K, committed 4672K, reserved 1048576K
}
Event: 14.799 GC heap before
{Heap before GC invocations=19 (full 2):
 PSYoungGen      total 24064K, used 24006K [0x00000000eab00000, 0x00000000ec680000, 0x0000000100000000)
  eden space 22016K, 100% used [0x00000000eab00000,0x00000000ec080000,0x00000000ec080000)
  from space 2048K, 97% used [0x00000000ec480000,0x00000000ec671a00,0x00000000ec680000)
  to   space 2560K, 0% used [0x00000000ec180000,0x00000000ec180000,0x00000000ec400000)
 ParOldGen       total 68608K, used 19973K [0x00000000c0000000, 0x00000000c4300000, 0x00000000eab00000)
  object space 68608K, 29% used [0x00000000c0000000,0x00000000c1381748,0x00000000c4300000)
 Metaspace       used 43431K, committed 44544K, reserved 1114112K
  class space    used 4578K, committed 5056K, reserved 1048576K
}
Event: 14.804 GC heap after
{Heap after GC invocations=19 (full 2):
 PSYoungGen      total 24064K, used 1840K [0x00000000eab00000, 0x00000000ec500000, 0x0000000100000000)
  eden space 22016K, 0% used [0x00000000eab00000,0x00000000eab00000,0x00000000ec080000)
  from space 2048K, 89% used [0x00000000ec180000,0x00000000ec34c010,0x00000000ec380000)
  to   space 1536K, 0% used [0x00000000ec380000,0x00000000ec380000,0x00000000ec500000)
 ParOldGen       total 68608K, used 20867K [0x00000000c0000000, 0x00000000c4300000, 0x00000000eab00000)
  object space 68608K, 30% used [0x00000000c0000000,0x00000000c1460da8,0x00000000c4300000)
 Metaspace       used 43431K, committed 44544K, reserved 1114112K
  class space    used 4578K, committed 5056K, reserved 1048576K
}
Event: 15.883 GC heap before
{Heap before GC invocations=20 (full 2):
 PSYoungGen      total 24064K, used 23856K [0x00000000eab00000, 0x00000000ec500000, 0x0000000100000000)
  eden space 22016K, 100% used [0x00000000eab00000,0x00000000ec080000,0x00000000ec080000)
  from space 2048K, 89% used [0x00000000ec180000,0x00000000ec34c010,0x00000000ec380000)
  to   space 1536K, 0% used [0x00000000ec380000,0x00000000ec380000,0x00000000ec500000)
 ParOldGen       total 68608K, used 20867K [0x00000000c0000000, 0x00000000c4300000, 0x00000000eab00000)
  object space 68608K, 30% used [0x00000000c0000000,0x00000000c1460da8,0x00000000c4300000)
 Metaspace       used 46411K, committed 47488K, reserved 1114112K
  class space    used 4935K, committed 5376K, reserved 1048576K
}
Event: 15.889 GC heap after
{Heap after GC invocations=20 (full 2):
 PSYoungGen      total 23552K, used 1198K [0x00000000eab00000, 0x00000000ec500000, 0x0000000100000000)
  eden space 22016K, 0% used [0x00000000eab00000,0x00000000eab00000,0x00000000ec080000)
  from space 1536K, 78% used [0x00000000ec380000,0x00000000ec4aba40,0x00000000ec500000)
  to   space 1536K, 0% used [0x00000000ec200000,0x00000000ec200000,0x00000000ec380000)
 ParOldGen       total 68608K, used 22595K [0x00000000c0000000, 0x00000000c4300000, 0x00000000eab00000)
  object space 68608K, 32% used [0x00000000c0000000,0x00000000c1610dd8,0x00000000c4300000)
 Metaspace       used 46411K, committed 47488K, reserved 1114112K
  class space    used 4935K, committed 5376K, reserved 1048576K
}

